\BOOKMARK [0][-]{chapter.1}{1 Introduction}{}% 1
\BOOKMARK [1][-]{section.1.1}{1.1 Overview}{chapter.1}% 2
\BOOKMARK [1][-]{section.1.2}{1.2 Purpose and recipients of the document}{chapter.1}% 3
\BOOKMARK [1][-]{section.1.3}{1.3 Application Domain}{chapter.1}% 4
\BOOKMARK [1][-]{section.1.4}{1.4 Definitions, acronyms and abbreviations}{chapter.1}% 5
\BOOKMARK [1][-]{section.1.5}{1.5 Document structure}{chapter.1}% 6
\BOOKMARK [0][-]{chapter.2}{2 General Description}{}% 7
\BOOKMARK [1][-]{section.2.1}{2.1 Domain Stakeholders}{chapter.2}% 8
\BOOKMARK [1][-]{section.2.2}{2.2 System's Actors}{chapter.2}% 9
\BOOKMARK [1][-]{section.2.3}{2.3 Use Cases Model}{chapter.2}% 10
\BOOKMARK [2][-]{subsection.2.3.1}{2.3.1 Use Cases}{section.2.3}% 11
\BOOKMARK [2][-]{subsection.2.3.2}{2.3.2 Use Case Instance\(s\)}{section.2.3}% 12
\BOOKMARK [0][-]{chapter.3}{3 Environment Model}{}% 13
\BOOKMARK [1][-]{section.3.1}{3.1 Global view 04}{chapter.3}% 14
\BOOKMARK [1][-]{section.3.2}{3.2 Actors and Interfaces Descriptions}{chapter.3}% 15
\BOOKMARK [2][-]{subsection.3.2.1}{3.2.1 \040=` actActivator Actor}{section.3.2}% 16
\BOOKMARK [2][-]{subsection.3.2.2}{3.2.2 \040=` actAdministrator Actor}{section.3.2}% 17
\BOOKMARK [2][-]{subsection.3.2.3}{3.2.3 \040=` actAuthenticated Actor}{section.3.2}% 18
\BOOKMARK [2][-]{subsection.3.2.4}{3.2.4 \040=` actComCompany Actor}{section.3.2}% 19
\BOOKMARK [2][-]{subsection.3.2.5}{3.2.5 \040=` actCoordinator Actor}{section.3.2}% 20
\BOOKMARK [2][-]{subsection.3.2.6}{3.2.6 \040=` actMsrCreator Actor}{section.3.2}% 21
\BOOKMARK [2][-]{subsection.3.2.7}{3.2.7 \040=` actPerson Actor}{section.3.2}% 22
\BOOKMARK [0][-]{chapter.4}{4 Concept Model}{}% 23
\BOOKMARK [1][-]{section.4.1}{4.1 PrimaryTypes-Classes}{chapter.4}% 24
\BOOKMARK [2][-]{subsection.4.1.1}{4.1.1 Local view 01}{section.4.1}% 25
\BOOKMARK [2][-]{subsection.4.1.2}{4.1.2 Global view 05}{section.4.1}% 26
\BOOKMARK [2][-]{subsection.4.1.3}{4.1.3 Global view 06}{section.4.1}% 27
\BOOKMARK [1][-]{section.4.2}{4.2 Concept Model Types Descriptions}{chapter.4}% 28
\BOOKMARK [2][-]{subsection.4.2.1}{4.2.1 Primary types - Class types descriptions}{section.4.2}% 29
\BOOKMARK [2][-]{subsection.4.2.2}{4.2.2 Primary types - Datatypes types descriptions}{section.4.2}% 30
\BOOKMARK [2][-]{subsection.4.2.3}{4.2.3 Primary types - Association types descriptions}{section.4.2}% 31
\BOOKMARK [2][-]{subsection.4.2.4}{4.2.4 Primary types - Aggregation types descriptions}{section.4.2}% 32
\BOOKMARK [2][-]{subsection.4.2.5}{4.2.5 Secondary types - Class types descriptions}{section.4.2}% 33
\BOOKMARK [2][-]{subsection.4.2.6}{4.2.6 Secondary types - Datatypes types descriptions}{section.4.2}% 34
\BOOKMARK [2][-]{subsection.4.2.7}{4.2.7 Secondary types - Association types descriptions}{section.4.2}% 35
\BOOKMARK [2][-]{subsection.4.2.8}{4.2.8 Secondary types - Aggregation types descriptions}{section.4.2}% 36
\BOOKMARK [2][-]{subsection.4.2.9}{4.2.9 Secondary types - Composition types descriptions}{section.4.2}% 37
\BOOKMARK [0][-]{chapter.5}{5 Operation Model}{}% 38
\BOOKMARK [1][-]{section.5.1}{5.1 Environment - Out Interface Operation Scheme for actAdministrator}{chapter.5}% 39
\BOOKMARK [2][-]{subsection.5.1.1}{5.1.1 Operation Model for oeAddPI}{section.5.1}% 40
\BOOKMARK [2][-]{subsection.5.1.2}{5.1.2 Operation Model for oeUpdatePI}{section.5.1}% 41
\BOOKMARK [2][-]{subsection.5.1.3}{5.1.3 Operation Model for oeDeletePI}{section.5.1}% 42
\BOOKMARK [2][-]{subsection.5.1.4}{5.1.4 Operation Model for oeGetAllRequestsFromCoordinator}{section.5.1}% 43
\BOOKMARK [2][-]{subsection.5.1.5}{5.1.5 Operation Model for oeTreatRequest}{section.5.1}% 44
\BOOKMARK [2][-]{subsection.5.1.6}{5.1.6 Operation Model for oeSolveRequest}{section.5.1}% 45
\BOOKMARK [2][-]{subsection.5.1.7}{5.1.7 Operation Model for oeAddCoordinator}{section.5.1}% 46
\BOOKMARK [2][-]{subsection.5.1.8}{5.1.8 Operation Model for oeDeleteCoordinator}{section.5.1}% 47
\BOOKMARK [2][-]{subsection.5.1.9}{5.1.9 Operation Model for oeUpdateCoordinatorAccessRights}{section.5.1}% 48
\BOOKMARK [1][-]{section.5.2}{5.2 Environment - Out Interface Operation Scheme for actAuthenticated}{chapter.5}% 49
\BOOKMARK [2][-]{subsection.5.2.1}{5.2.1 Operation Model for oeLogin}{section.5.2}% 50
\BOOKMARK [2][-]{subsection.5.2.2}{5.2.2 Operation Model for oeLogout}{section.5.2}% 51
\BOOKMARK [2][-]{subsection.5.2.3}{5.2.3 Operation Model for oeLoginWithCaptcha}{section.5.2}% 52
\BOOKMARK [2][-]{subsection.5.2.4}{5.2.4 Operation Model for oeResetPassword}{section.5.2}% 53
\BOOKMARK [1][-]{section.5.3}{5.3 Environment - Out Interface Operation Scheme for actCoordinator}{chapter.5}% 54
\BOOKMARK [2][-]{subsection.5.3.1}{5.3.1 Operation Model for oeGetAllRequests}{section.5.3}% 55
\BOOKMARK [2][-]{subsection.5.3.2}{5.3.2 Operation Model for oeCheckAvailability}{section.5.3}% 56
\BOOKMARK [2][-]{subsection.5.3.3}{5.3.3 Operation Model for oeDeliverRequest}{section.5.3}% 57
\BOOKMARK [2][-]{subsection.5.3.4}{5.3.4 Operation Model for oeValidateAlert}{section.5.3}% 58
\BOOKMARK [2][-]{subsection.5.3.5}{5.3.5 Operation Model for oeInvalidateAlert}{section.5.3}% 59
\BOOKMARK [2][-]{subsection.5.3.6}{5.3.6 Operation Model for oeGetAlertSet}{section.5.3}% 60
\BOOKMARK [2][-]{subsection.5.3.7}{5.3.7 Operation Model for oeGetCrisisSet}{section.5.3}% 61
\BOOKMARK [2][-]{subsection.5.3.8}{5.3.8 Operation Model for oeSetCrisisType}{section.5.3}% 62
\BOOKMARK [2][-]{subsection.5.3.9}{5.3.9 Operation Model for oeSetCrisisStatus}{section.5.3}% 63
\BOOKMARK [2][-]{subsection.5.3.10}{5.3.10 Operation Model for oeSetCrisisHandler}{section.5.3}% 64
\BOOKMARK [2][-]{subsection.5.3.11}{5.3.11 Operation Model for oeReportOnCrisis}{section.5.3}% 65
\BOOKMARK [2][-]{subsection.5.3.12}{5.3.12 Operation Model for oeCloseCrisis}{section.5.3}% 66
\BOOKMARK [1][-]{section.5.4}{5.4 Environment - Out Interface Operation Scheme for actPerson}{chapter.5}% 67
\BOOKMARK [2][-]{subsection.5.4.1}{5.4.1 Operation Model for oeSearchPI}{section.5.4}% 68
\BOOKMARK [2][-]{subsection.5.4.2}{5.4.2 Operation Model for oeSendNewRequest}{section.5.4}% 69
\BOOKMARK [2][-]{subsection.5.4.3}{5.4.3 Operation Model for oeGetGPSLocation}{section.5.4}% 70
\BOOKMARK [2][-]{subsection.5.4.4}{5.4.4 Operation Model for oeGetDescription}{section.5.4}% 71
\BOOKMARK [1][-]{section.5.5}{5.5 Environment - Actor Operation Schemes}{chapter.5}% 72
\BOOKMARK [1][-]{section.5.6}{5.6 Primary Types - Operation Schemes for Class ctAdministrator}{chapter.5}% 73
\BOOKMARK [2][-]{subsection.5.6.1}{5.6.1 Operation Model for init}{section.5.6}% 74
\BOOKMARK [1][-]{section.5.7}{5.7 Primary Types - Operation Schemes for Class ctCoordinator}{chapter.5}% 75
\BOOKMARK [2][-]{subsection.5.7.1}{5.7.1 Operation Model for init}{section.5.7}% 76
\BOOKMARK [1][-]{section.5.8}{5.8 Primary Types - Operation Schemes for Class ctPerson}{chapter.5}% 77
\BOOKMARK [2][-]{subsection.5.8.1}{5.8.1 Operation Model for init}{section.5.8}% 78
\BOOKMARK [1][-]{section.5.9}{5.9 Primary Types - Operation Schemes for Datatypes}{chapter.5}% 79
\BOOKMARK [1][-]{section.5.10}{5.10 Primary Types - Operation Schemes for Enumerations}{chapter.5}% 80
\BOOKMARK [1][-]{section.5.11}{5.11 Secondary Types - Operation Schemes for Classes}{chapter.5}% 81
\BOOKMARK [1][-]{section.5.12}{5.12 Secondary Types - Operation Schemes for Datatypes}{chapter.5}% 82
\BOOKMARK [1][-]{section.5.13}{5.13 Secondary Types - Operation Schemes for Enumerations}{chapter.5}% 83
\BOOKMARK [0][-]{chapter.6}{6 Test Model\(s\)}{}% 84
\BOOKMARK [0][-]{chapter.7}{7 Additional Constraints}{}% 85
\BOOKMARK [0][-]{appendix.A}{A Undocumented Messir Specification Elements}{}% 86
\BOOKMARK [1][-]{section.A.1}{A.1 Undocumented Environment Model Views}{appendix.A}% 87
\BOOKMARK [0][-]{appendix.B}{B Messir Specification Files Listing}{}% 88
\BOOKMARK [1][-]{section.B.1}{B.1 File /src-gen/messir-spec/.views.msr}{appendix.B}% 89
\BOOKMARK [1][-]{section.B.2}{B.2 File /src-gen/messir-spec/operations/environment/actAdministrator.msr}{appendix.B}% 90
\BOOKMARK [1][-]{section.B.3}{B.3 File /src-gen/messir-spec/operations/environment/actAuthenticated.msr}{appendix.B}% 91
\BOOKMARK [1][-]{section.B.4}{B.4 File /src-gen/messir-spec/operations/environment/actComCompany.msr}{appendix.B}% 92
\BOOKMARK [1][-]{section.B.5}{B.5 File /src-gen/messir-spec/operations/environment/actCoordinator.msr}{appendix.B}% 93
\BOOKMARK [1][-]{section.B.6}{B.6 File /src-gen/messir-spec/operations/environment/actMsrCreator.msr}{appendix.B}% 94
\BOOKMARK [1][-]{section.B.7}{B.7 File /src-gen/messir-spec/operations/environment/actPerson.msr}{appendix.B}% 95
\BOOKMARK [1][-]{section.B.8}{B.8 File /src-gen/messir-spec/operations/concepts.../ctAdministrator.msr}{appendix.B}% 96
\BOOKMARK [1][-]{section.B.9}{B.9 File /src-gen/messir-spec/operations/concepts.../ctCoordinator.msr}{appendix.B}% 97
\BOOKMARK [1][-]{section.B.10}{B.10 File /src-gen/messir-spec/operations/concepts/primarytypes-classes/ctPerson.msr}{appendix.B}% 98
\BOOKMARK [1][-]{section.B.11}{B.11 File /src-gen/messir-spec/environment/environment.msr}{appendix.B}% 99
\BOOKMARK [1][-]{section.B.12}{B.12 File /src-gen/messir-spec/operations/operations.msr}{appendix.B}% 100
\BOOKMARK [1][-]{section.B.13}{B.13 File /src-gen/messir-spec/concepts.../primarytypes-associations.msr}{appendix.B}% 101
\BOOKMARK [1][-]{section.B.14}{B.14 File /src-gen/messir-spec/concepts/primarytypes-classes/primarytypes-classes.msr}{appendix.B}% 102
\BOOKMARK [1][-]{section.B.15}{B.15 File /src-gen/messir-spec/concepts.../primarytypes-datatypes.msr}{appendix.B}% 103
\BOOKMARK [1][-]{section.B.16}{B.16 File /src-gen/messir-spec/concepts.../secondarytypes-associations.msr}{appendix.B}% 104
\BOOKMARK [1][-]{section.B.17}{B.17 File /src-gen/messir-spec/concepts.../secondarytypes-classes.msr}{appendix.B}% 105
\BOOKMARK [1][-]{section.B.18}{B.18 File /src-gen/messir-spec/concepts.../secondarytypes-datatypes.msr}{appendix.B}% 106
\BOOKMARK [1][-]{section.B.19}{B.19 File /src-gen/messir-spec/tests/tests.msr}{appendix.B}% 107
\BOOKMARK [1][-]{section.B.20}{B.20 File /src-gen/messir-spec/usecases/usecaseinstance-oeThirdLoginWrong-uci.msr}{appendix.B}% 108
\BOOKMARK [1][-]{section.B.21}{B.21 File /src-gen/messir-spec/usecases/usecaseinstance-suAddNewPI-ucisuAddNewPI.msr}{appendix.B}% 109
\BOOKMARK [1][-]{section.B.22}{B.22 File /src-gen.../usecaseinstance-suGenerateNewAlert-ucisuGenerateNewAlert.msr}{appendix.B}% 110
\BOOKMARK [1][-]{section.B.23}{B.23 File /.../usecaseinstance-suGlobalCrisisHandling-ucisuGlobalCrisisHandling.msr}{appendix.B}% 111
\BOOKMARK [1][-]{section.B.24}{B.24 File /.../usecaseinstance-suScenarioPresentation-ucisuScenarioPresentation.msr}{appendix.B}% 112
\BOOKMARK [1][-]{section.B.25}{B.25 File /.../usecaseinstance-ugAdministrateTheSystem-uciugAdministrateTheSystem.msr}{appendix.B}% 113
\BOOKMARK [1][-]{section.B.26}{B.26 File /src-gen.../usecaseinstance-ugLoginWithCaptcha-uciugLoginWithCaptcha.msr}{appendix.B}% 114
\BOOKMARK [1][-]{section.B.27}{B.27 File /src-gen/messir-spec/usecases/usecases.msr}{appendix.B}% 115
